<?xml version="1.0" encoding="UTF-8"?>
<testng-results ignored="0" total="1" passed="1" failed="0" skipped="0">
  <reporter-output>
    <line>
      <![CDATA[Hello World]]>
    </line>
  </reporter-output>
  <suite started-at="2023-01-09T15:26:40 IST" name="Default suite" finished-at="2023-01-09T15:26:40 IST" duration-ms="107">
    <groups>
    </groups>
    <test started-at="2023-01-09T15:26:40 IST" name="Default test" finished-at="2023-01-09T15:26:40 IST" duration-ms="107">
      <class name="Demo.Test1">
        <test-method signature="tc1()[pri:0, instance:Demo.Test1@1b2abca6]" started-at="2023-01-09T15:26:40 IST" name="tc1" finished-at="2023-01-09T15:26:40 IST" duration-ms="20" status="PASS">
          <reporter-output>
            <line>
              <![CDATA[Hello World]]>
            </line>
          </reporter-output>
        </test-method> <!-- tc1 -->
      </class> <!-- Demo.Test1 -->
    </test> <!-- Default test -->
  </suite> <!-- Default suite -->
</testng-results>
